<?xml version="1.0" encoding="UTF-8"?>
<!-- Generated by org.testng.reporters.JUnitXMLReporter -->
<testsuite ignored="0" hostname="DESKTOP-2BM989P" failures="0" tests="3" name="Default test" time="49.726" errors="0" timestamp="2024-10-06T11:39:58 IST">
  <testcase classname="testscript.FDroid_Test" name="tc" time="4.683"/>
  <testcase classname="testscript.FDroid_Test" name="openNotifications" time="20.118"/>
  <testcase classname="testscript.FDroid_Test" name="switchApp" time="16.718"/>
</testsuite> <!-- Default test -->
