<?xml version="1.0" encoding="UTF-8"?>
<testng-results ignored="0" total="3" passed="3" failed="0" skipped="0">
  <reporter-output>
  </reporter-output>
  <suite started-at="2024-10-06T11:39:08 IST" name="Default suite" finished-at="2024-10-06T11:39:58 IST" duration-ms="49726">
    <groups>
    </groups>
    <test started-at="2024-10-06T11:39:08 IST" name="Default test" finished-at="2024-10-06T11:39:58 IST" duration-ms="49726">
      <class name="testscript.FDroid_Test">
        <test-method is-config="true" signature="bt()[pri:0, instance:testscript.FDroid_Test@431cd9b2]" started-at="2024-10-06T11:39:08 IST" name="bt" finished-at="2024-10-06T11:39:16 IST" duration-ms="7633" status="PASS">
          <reporter-output>
          </reporter-output>
        </test-method> <!-- bt -->
        <test-method signature="tc()[pri:1, instance:testscript.FDroid_Test@431cd9b2]" started-at="2024-10-06T11:39:16 IST" name="tc" finished-at="2024-10-06T11:39:21 IST" duration-ms="4683" status="PASS">
          <reporter-output>
          </reporter-output>
        </test-method> <!-- tc -->
        <test-method signature="openNotifications()[pri:2, instance:testscript.FDroid_Test@431cd9b2]" started-at="2024-10-06T11:39:21 IST" name="openNotifications" finished-at="2024-10-06T11:39:41 IST" duration-ms="20118" status="PASS">
          <reporter-output>
          </reporter-output>
        </test-method> <!-- openNotifications -->
        <test-method signature="switchApp()[pri:3, instance:testscript.FDroid_Test@431cd9b2]" started-at="2024-10-06T11:39:41 IST" name="switchApp" finished-at="2024-10-06T11:39:57 IST" duration-ms="16718" status="PASS">
          <reporter-output>
          </reporter-output>
        </test-method> <!-- switchApp -->
        <test-method is-config="true" signature="tearDown()[pri:0, instance:testscript.FDroid_Test@431cd9b2]" started-at="2024-10-06T11:39:57 IST" name="tearDown" finished-at="2024-10-06T11:39:58 IST" duration-ms="500" status="PASS">
          <reporter-output>
          </reporter-output>
        </test-method> <!-- tearDown -->
      </class> <!-- testscript.FDroid_Test -->
    </test> <!-- Default test -->
  </suite> <!-- Default suite -->
</testng-results>
